<?xml version="1.0" encoding="UTF-8"?>
<!-- Generated by org.testng.reporters.JUnitReportReporter -->
<testsuite skipped="0" hostname="Tapanas-MacBook-Pro.local" name="com.amzone.automationScript.Amzone_HomePage_LoginTest" tests="1" failures="0" timestamp="10 Mar 2017 18:06:00 GMT" time="12.040" errors="0">
  <testcase name="Amzone_HomePage_LoginTest01" time="12.040" classname="com.amzone.automationScript.Amzone_HomePage_LoginTest"/>
</testsuite> <!-- com.amzone.automationScript.Amzone_HomePage_LoginTest -->
