<?xml version="1.0" encoding="UTF-8"?>
<!-- Generated by org.testng.reporters.JUnitReportReporter -->
<testsuite name="com.amzone.automationScript.HelloWorld" tests="1" time="0.017" ignored="0" failures="0" timestamp="22 Jan 2017 06:27:07 GMT" skipped="0" hostname="Tapanas-MacBook-Pro.local" errors="0">
  <testcase name="PrintHello" time="0.017" classname="com.amzone.automationScript.HelloWorld"/>
</testsuite> <!-- com.amzone.automationScript.HelloWorld -->
