<?xml version="1.0" encoding="UTF-8"?>
<!-- Generated by org.testng.reporters.JUnitReportReporter -->
<testsuite name="com.amzone.automationScript.Amzone_HomePage_LoginTest" tests="1" time="12.652" ignored="0" failures="0" timestamp="04 Mar 2017 04:01:06 GMT" skipped="0" hostname="Tapanas-MacBook-Pro.local" errors="0">
  <testcase name="Amzone_HomePage_LoginTest01" time="12.652" classname="com.amzone.automationScript.Amzone_HomePage_LoginTest"/>
</testsuite> <!-- com.amzone.automationScript.Amzone_HomePage_LoginTest -->
